2022-09-26T17:36:14.714Z [store-api] error undefined undefined - undefined
2022-09-26T17:38:12.624Z [store-api] error undefined undefined - undefined
2022-09-26T17:39:23.317Z [store-api] error undefined undefined - undefined
2022-09-26T17:40:55.627Z [store-api] error undefined undefined - undefined
2022-09-26T17:41:01.754Z [store-api] error undefined undefined - undefined
2022-09-26T17:43:04.947Z [store-api] error undefined undefined - undefined
2022-09-26T17:46:55.522Z [store-api] error undefined undefined - undefined
2022-09-26T17:54:13.722Z [store-api] error undefined undefined - undefined
2022-09-26T17:59:18.013Z [store-api] error undefined undefined - undefined
2022-09-26T18:00:57.468Z [store-api] error POST  - Name,CPF, PHONE, Email, e Address são obrigatórios.
2022-09-26T18:37:57.142Z [store-api] error POST  - Name,CPF, PHONE, Email, e Address são obrigatórios.
2022-09-26T18:38:30.656Z [store-api] info POST /client - {"name":"felipe","cpf":"12345678910","phone":"5843651431","email":"felipe@felipe.com","address":"rua x, n 100"}
2022-09-26T18:45:20.081Z [store-api] info POST /client - {"name":"felipe","cpf":"12345678910","phone":"5843651431","email":"felipe@felipe.com","address":"rua x, n 100"}
2022-09-26T18:54:53.068Z [store-api] error POST  - Name,CPF, PHONE, Email, e Address são obrigatórios.
2022-09-26T18:54:59.934Z [store-api] info POST /client - {"name":"felipe","cpf":"12345678910","phone":"5843651431","email":"felipe@felipe.com","adress":"rua x, n 100"}
2022-09-26T18:59:02.601Z [store-api] info POST /client - {"name":"felipe","cpf":"12345678910","phone":"5843651431","email":"felipe@felipe.com","adress":"rua x, n 100"}
2022-09-26T19:00:55.818Z [store-api] info POST /client - {"name":"felipe","cpf":"12345678910","phone":"5843651431","email":"felipe@felipe.com","adress":"rua x, n 100"}
2022-09-26T19:04:05.143Z [store-api] info POST /client - {"name":"felipe","cpf":"12345678910","phone":"5843651431","email":"felipe@felipe.com","adress":"rua x, n 100"}
2022-09-26T19:05:22.474Z [store-api] info POST /client - {"name":"felipe","cpf":"12345678910","phone":"5843651431","email":"felipe@felipe.com","adress":"rua x, n 100"}
2022-09-26T19:06:20.303Z [store-api] info POST /client - {"name":"felipe","cpf":"12345678910","phone":"5843651431","email":"felipe@felipe.com","adress":"rua x, n 100"}
2022-09-26T19:43:17.197Z [store-api] info POST /client - {"name":"felipe","cpf":"12345678910","phone":"5843651431","email":"felipe@felipe.com","adress":"rua x, n 100"}
2022-09-26T19:47:14.932Z [store-api] info POST /client - {"name":"felipe","cpf":"12345678910","phone":"5843651431","email":"felipe@felipe.com","adress":"rua x, n 100"}
2022-09-26T19:47:49.209Z [store-api] info POST /client - {"name":"felipe","cpf":"12345678910","phone":"5843651431","email":"felipe@felipe.com","adress":"rua x, n 100"}
2022-09-26T19:50:58.686Z [store-api] info POST /client - {"name":"felipe","cpf":"12345678910","phone":"5843651431","email":"felipe@felipe.com","adress":"rua x, n 100"}
2022-09-26T19:51:50.662Z [store-api] info POST /client - {"name":"felipe","cpf":"12345678910","phone":"5843651431","email":"felipe@felipe.com","adress":"rua x, n 100"}
2022-09-26T22:13:43.478Z [store-api] info POST /client - {"name":"felipe","cpf":"12345678910","phone":"5843651431","email":"felipe@felipe.com","adress":"rua x, n 100"}
2022-09-26T22:14:08.913Z [store-api] info POST /client - {"name":"felipe","cpf":"12345678910","phone":"5843651431","email":"felipe@felipe.com","adress":"rua x, n 100"}
2022-09-26T22:15:39.179Z [store-api] info POST /client - {"name":"felipe","cpf":"12345678910","phone":"5843651431","email":"felipe@felipe.com","adress":"rua x, n 100"}
2022-09-26T22:18:50.313Z [store-api] info POST /client - {"name":"felipe","cpf":"12345678910","phone":"5843651431","email":"felipe@felipe.com","adress":"rua x, n 100"}
2022-09-26T22:19:11.078Z [store-api] info POST /client - {"name":"felipe","cpf":"12345678910","phone":"5843651431","email":"felipe@felipe.com","adress":"rua x, n 100"}
2022-09-26T22:19:18.080Z [store-api] info POST /client - {"name":"felipe","cpf":"12345678910","phone":"5843651431","email":"felipe@felipe.com","adress":"rua x, n 100"}
2022-09-26T22:19:44.517Z [store-api] info POST /client - {"name":"felipe","cpf":"12345678910","phone":"5843651431","email":"felipe@felipe.com","adress":"rua x, n 100"}
2022-09-26T22:19:50.203Z [store-api] info POST /client - {"name":"felipe","cpf":"12345678910","phone":"5843651431","email":"felipe@felipe.com","adress":"rua x, n 100"}
2022-09-26T22:20:00.026Z [store-api] info POST /client - {"name":"felipe","cpf":"12345678910","phone":"5843651431","email":"felipe@felipe.com","adress":"rua x, n 100"}
2022-09-26T22:20:35.845Z [store-api] info POST /client - {"name":"felipe","cpf":"12345678910","phone":"5843651431","email":"felipe@felipe.com","adress":"rua x, n 100"}
2022-09-26T22:21:42.464Z [store-api] info POST /client - {"name":"felipe","cpf":"12345678910","phone":"5843651431","email":"felipe@felipe.com","adress":"rua x, n 100"}
2022-09-26T22:25:57.732Z [store-api] info POST /client - {"name":"felipe","cpf":"12345678910","phone":"5843651431","email":"felipe@felipe.com","adress":"rua x, n 100"}
2022-09-26T22:30:07.631Z [store-api] info POST /client - {"name":"felipe","cpf":"12345678910","phone":"5843651431","email":"felipe@felipe.com","adress":"rua x, n 100"}
2022-09-26T22:30:33.673Z [store-api] info POST /client - {"name":"felipe","cpf":"12345678910","phone":"5843651431","email":"felipe@felipe.com","adress":"rua x, n 100"}
2022-09-26T22:32:59.009Z [store-api] info POST /client - {"name":"felipe","cpf":"12345678910","phone":"5843651431","email":"felipe@felipe.com","adress":"rua x, n 100"}
2022-09-26T22:35:40.689Z [store-api] info POST /client - {"name":"felipe","cpf":"12345678910","phone":"5843651431","email":"felipe@felipe.com","adress":"rua x, n 100"}
2022-09-26T22:49:31.141Z [store-api] info  GET /client
2022-09-26T22:58:06.010Z [store-api] info  GET /client
2022-09-26T22:58:12.498Z [store-api] info  GET /client
2022-09-26T23:02:13.061Z [store-api] error GET  - Usuário não encontrado
2022-09-26T23:06:44.487Z [store-api] error DELETE  - syntax error at or near "*"
2022-09-26T23:07:03.160Z [store-api] error DELETE  - syntax error at or near "*"
2022-09-26T23:08:43.820Z [store-api] error DELETE  - syntax error at or near "*"
2022-09-26T23:09:02.902Z [store-api] error DELETE  - Usuário não encontrado
2022-09-26T23:09:20.584Z [store-api] error DELETE  - Usuário não encontrado
2022-09-26T23:09:51.316Z [store-api] info POST /client - {"name":"felipe","cpf":"12345678910","phone":"5843651431","email":"felipe@felipe.com","adress":"rua x, n 100"}
2022-09-26T23:09:52.391Z [store-api] info POST /client - {"name":"felipe","cpf":"12345678910","phone":"5843651431","email":"felipe@felipe.com","adress":"rua x, n 100"}
2022-09-26T23:09:53.171Z [store-api] info POST /client - {"name":"felipe","cpf":"12345678910","phone":"5843651431","email":"felipe@felipe.com","adress":"rua x, n 100"}
2022-09-26T23:10:00.484Z [store-api] info  DELETE /client
2022-09-26T23:10:09.498Z [store-api] info  GET /client
2022-09-26T23:24:56.913Z [store-api] error PUT  - ClientService.updateClient is not a function
2022-09-26T23:25:30.809Z [store-api] info PUT /client - {"client_id":3,"name":"felipe","cpf":"12345678910","phone":"8543651431","email":"felipe@felipe.com","adress":"rua x, n 100"}
2022-09-26T23:26:28.682Z [store-api] error PUT  - Usuário não encontrado
2022-09-26T23:43:51.309Z [store-api] error POST  - Name,CPF, PHONE, Email, e Address são obrigatórios.
2022-09-26T23:44:34.257Z [store-api] info POST /supplier - {"suppliers_id":1,"name":"Company felipe","cnpj":"12345678910","phone":"8543651431","email":"felipe@felipecompany.com","adress":"rua x, n 1000"}
2022-09-26T23:44:36.684Z [store-api] info POST /supplier - {"suppliers_id":2,"name":"Company felipe","cnpj":"12345678910","phone":"8543651431","email":"felipe@felipecompany.com","adress":"rua x, n 1000"}
2022-09-26T23:44:45.699Z [store-api] info POST /supplier - {"suppliers_id":3,"name":"Company felipe3","cnpj":"12345678910","phone":"8543651431","email":"felipe@felipecompany.com","adress":"rua x, n 1000"}
2022-09-26T23:44:49.433Z [store-api] info POST /supplier - {"suppliers_id":4,"name":"Company felipe4","cnpj":"12345678910","phone":"8543651431","email":"felipe@felipecompany.com","adress":"rua x, n 1000"}
2022-09-26T23:45:03.337Z [store-api] error DELETE  - column "supplier_id" does not exist
2022-09-26T23:46:09.737Z [store-api] error DELETE  - column "supplier_id" does not exist
2022-09-26T23:46:17.532Z [store-api] error DELETE  - column "supplier_id" does not exist
2022-09-26T23:46:42.503Z [store-api] info  DELETE /supplier
2022-09-26T23:46:53.564Z [store-api] info  GET /supplier
2022-09-26T23:47:03.484Z [store-api] info  GET /supplier
2022-09-26T23:47:23.012Z [store-api] error PUT  - Name,CPF, PHONE, Email, e Address são obrigatórios.
2022-09-26T23:47:45.007Z [store-api] error PUT  - Name,CNPJ, PHONE, Email, e Address são obrigatórios.
2022-09-26T23:48:28.943Z [store-api] error PUT  - Name,CNPJ, PHONE, Email, e Address são obrigatórios.
2022-09-26T23:50:09.453Z [store-api] info PUT /supplier - {"suppliers_id":1,"name":"felipe","cnpj":"12345678910","phone":"8543651431","email":"felipe@felipe.com","adress":"rua x, n 100"}
